<?xml version="1.0" encoding="UTF-8"?>
<!-- Generated by org.testng.reporters.JUnitReportReporter -->
<testsuite skipped="0" hostname="marta-HP-ProBook-430-G3" name="practice2.MyFirstTest" tests="2" failures="0" timestamp="31 Dec 2018 20:27:49 GMT" time="60.950" errors="0">
  <testcase name="NotEmpty" time="46.526" classname="practice2.MyFirstTest"/>
  <testcase name="Empty" time="14.424" classname="practice2.MyFirstTest"/>
</testsuite> <!-- practice2.MyFirstTest -->
