<?xml version="1.0" encoding="UTF-8"?>
<!-- Generated by org.testng.reporters.JUnitReportReporter -->
<testsuite skipped="0" hostname="marta-HP-ProBook-430-G3" name="practice2.GmailTest" tests="1" failures="0" timestamp="31 Dec 2018 18:56:47 GMT" time="43.918" errors="0">
  <testcase name="GoogleLogin" time="43.918" classname="practice2.GmailTest"/>
</testsuite> <!-- practice2.GmailTest -->
